C:\Users\Emil\Documents\Tuks\Derde Jaar\INF 354\Ass 4\INF354ReportHomework\client\dist\out-tsc\app\services\main.service.js
C:\Users\Emil\Documents\Tuks\Derde Jaar\INF 354\Ass 4\INF354ReportHomework\client\dist\out-tsc\app\services\main.service.js.map
C:\Users\Emil\Documents\Tuks\Derde Jaar\INF 354\Ass 4\INF354ReportHomework\client\dist\out-tsc\app\report\report.component.js
C:\Users\Emil\Documents\Tuks\Derde Jaar\INF 354\Ass 4\INF354ReportHomework\client\dist\out-tsc\app\report\report.component.js.map
C:\Users\Emil\Documents\Tuks\Derde Jaar\INF 354\Ass 4\INF354ReportHomework\client\dist\out-tsc\app\register\register.component.js
C:\Users\Emil\Documents\Tuks\Derde Jaar\INF 354\Ass 4\INF354ReportHomework\client\dist\out-tsc\app\register\register.component.js.map
C:\Users\Emil\Documents\Tuks\Derde Jaar\INF 354\Ass 4\INF354ReportHomework\client\dist\out-tsc\app\login\login.component.js
C:\Users\Emil\Documents\Tuks\Derde Jaar\INF 354\Ass 4\INF354ReportHomework\client\dist\out-tsc\app\login\login.component.js.map
C:\Users\Emil\Documents\Tuks\Derde Jaar\INF 354\Ass 4\INF354ReportHomework\client\dist\out-tsc\app\app-routing.module.js
C:\Users\Emil\Documents\Tuks\Derde Jaar\INF 354\Ass 4\INF354ReportHomework\client\dist\out-tsc\app\app-routing.module.js.map
C:\Users\Emil\Documents\Tuks\Derde Jaar\INF 354\Ass 4\INF354ReportHomework\client\dist\out-tsc\app\app.component.js
C:\Users\Emil\Documents\Tuks\Derde Jaar\INF 354\Ass 4\INF354ReportHomework\client\dist\out-tsc\app\app.component.js.map
C:\Users\Emil\Documents\Tuks\Derde Jaar\INF 354\Ass 4\INF354ReportHomework\client\dist\out-tsc\app\main-nav\main-nav.component.js
C:\Users\Emil\Documents\Tuks\Derde Jaar\INF 354\Ass 4\INF354ReportHomework\client\dist\out-tsc\app\main-nav\main-nav.component.js.map
C:\Users\Emil\Documents\Tuks\Derde Jaar\INF 354\Ass 4\INF354ReportHomework\client\dist\out-tsc\app\app.module.js
C:\Users\Emil\Documents\Tuks\Derde Jaar\INF 354\Ass 4\INF354ReportHomework\client\dist\out-tsc\app\app.module.js.map
C:\Users\Emil\Documents\Tuks\Derde Jaar\INF 354\Ass 4\INF354ReportHomework\client\dist\out-tsc\environments\environment.js
C:\Users\Emil\Documents\Tuks\Derde Jaar\INF 354\Ass 4\INF354ReportHomework\client\dist\out-tsc\environments\environment.js.map
C:\Users\Emil\Documents\Tuks\Derde Jaar\INF 354\Ass 4\INF354ReportHomework\client\dist\out-tsc\main.js
C:\Users\Emil\Documents\Tuks\Derde Jaar\INF 354\Ass 4\INF354ReportHomework\client\dist\out-tsc\main.js.map
C:\Users\Emil\Documents\Tuks\Derde Jaar\INF 354\Ass 4\INF354ReportHomework\client\dist\out-tsc\polyfills.js
C:\Users\Emil\Documents\Tuks\Derde Jaar\INF 354\Ass 4\INF354ReportHomework\client\dist\out-tsc\polyfills.js.map
C:\Users\Emil\Documents\Tuks\Derde Jaar\INF 354\Ass 4\INF354ReportHomework\client\dist\out-tsc\test.js
C:\Users\Emil\Documents\Tuks\Derde Jaar\INF 354\Ass 4\INF354ReportHomework\client\dist\out-tsc\test.js.map
C:\Users\Emil\Documents\Tuks\Derde Jaar\INF 354\Ass 4\INF354ReportHomework\client\dist\out-tsc\app\app.component.spec.js
C:\Users\Emil\Documents\Tuks\Derde Jaar\INF 354\Ass 4\INF354ReportHomework\client\dist\out-tsc\app\app.component.spec.js.map
C:\Users\Emil\Documents\Tuks\Derde Jaar\INF 354\Ass 4\INF354ReportHomework\client\dist\out-tsc\app\login\login.component.spec.js
C:\Users\Emil\Documents\Tuks\Derde Jaar\INF 354\Ass 4\INF354ReportHomework\client\dist\out-tsc\app\login\login.component.spec.js.map
C:\Users\Emil\Documents\Tuks\Derde Jaar\INF 354\Ass 4\INF354ReportHomework\client\dist\out-tsc\app\main-nav\main-nav.component.spec.js
C:\Users\Emil\Documents\Tuks\Derde Jaar\INF 354\Ass 4\INF354ReportHomework\client\dist\out-tsc\app\main-nav\main-nav.component.spec.js.map
C:\Users\Emil\Documents\Tuks\Derde Jaar\INF 354\Ass 4\INF354ReportHomework\client\dist\out-tsc\app\register\register.component.spec.js
C:\Users\Emil\Documents\Tuks\Derde Jaar\INF 354\Ass 4\INF354ReportHomework\client\dist\out-tsc\app\register\register.component.spec.js.map
C:\Users\Emil\Documents\Tuks\Derde Jaar\INF 354\Ass 4\INF354ReportHomework\client\dist\out-tsc\app\report\report.component.spec.js
C:\Users\Emil\Documents\Tuks\Derde Jaar\INF 354\Ass 4\INF354ReportHomework\client\dist\out-tsc\app\report\report.component.spec.js.map
C:\Users\Emil\Documents\Tuks\Derde Jaar\INF 354\Ass 4\INF354ReportHomework\client\dist\out-tsc\app\services\main.service.spec.js
C:\Users\Emil\Documents\Tuks\Derde Jaar\INF 354\Ass 4\INF354ReportHomework\client\dist\out-tsc\app\services\main.service.spec.js.map
C:\Users\Emil\Documents\Tuks\Derde Jaar\INF 354\Ass 4\INF354ReportHomework\client\dist\out-tsc\environments\environment.prod.js
C:\Users\Emil\Documents\Tuks\Derde Jaar\INF 354\Ass 4\INF354ReportHomework\client\dist\out-tsc\environments\environment.prod.js.map
